<?xml version="1.0" encoding="UTF-8"?>
<!-- Generated by org.testng.reporters.JUnitReportReporter -->
<testsuite hostname="LAPTOP-34VRK83G" failures="0" tests="1" name="testNG_study.TestNG_ex1" time="4.389" errors="0" timestamp="2022-06-24T00:15:45 IST" skipped="0">
  <testcase classname="testNG_study.TestNG_ex1" name="KiteLogin" time="4.389"/>
  <system-out>
    <![CDATA[hi this is pratiksha
hihi]]>
  </system-out>
</testsuite> <!-- testNG_study.TestNG_ex1 -->
