<?xml version="1.0" encoding="UTF-8"?>
<!-- Generated by org.testng.reporters.JUnitReportReporter -->
<testsuite hostname="LAPTOP-34VRK83G" failures="0" tests="3" name="TestNG_keywords.invocationcountKeyword" time="0.006" errors="0" timestamp="2022-06-26T16:17:27 IST" skipped="0">
  <testcase classname="TestNG_keywords.invocationcountKeyword" name="f" time="0.001"/>
  <system-out>
    <![CDATA[hi]]>
  </system-out>
  <testcase classname="TestNG_keywords.invocationcountKeyword" name="f" time="0.002"/>
  <system-out>
    <![CDATA[hi]]>
  </system-out>
  <testcase classname="TestNG_keywords.invocationcountKeyword" name="f" time="0.003"/>
  <system-out>
    <![CDATA[hi]]>
  </system-out>
</testsuite> <!-- TestNG_keywords.invocationcountKeyword -->
