<?xml version="1.0" encoding="UTF-8"?>
<!-- Generated by org.testng.reporters.JUnitReportReporter -->
<testsuite hostname="LAPTOP-34VRK83G" failures="0" tests="1" name="SerialAndParallelExecution.MyTestClass1" time="3.736" errors="0" timestamp="2022-06-26T15:43:05 IST" skipped="0">
  <testcase classname="SerialAndParallelExecution.MyTestClass1" name="mymethod1" time="3.736"/>
  <system-out/>
</testsuite> <!-- SerialAndParallelExecution.MyTestClass1 -->
