<?xml version="1.0" encoding="UTF-8"?>
<!-- Generated by org.testng.reporters.JUnitReportReporter -->
<testsuite hostname="LAPTOP-34VRK83G" failures="0" tests="1" name="varificationUsingTestNG.asssertNotEquals" time="0.022" errors="0" timestamp="2022-06-29T21:21:22 IST" skipped="0">
  <testcase classname="varificationUsingTestNG.asssertNotEquals" name="mymethod" time="0.022"/>
  <system-out>
    <![CDATA[a and b  are not maching test case is passed]]>
  </system-out>
</testsuite> <!-- varificationUsingTestNG.asssertNotEquals -->
