<?xml version="1.0" encoding="UTF-8"?>
<!-- Generated by org.testng.reporters.JUnitReportReporter -->
<testsuite hostname="LAPTOP-34VRK83G" failures="0" tests="1" name="includeexclude_study.myClass2" time="0.009" errors="0" timestamp="2022-06-26T10:58:22 IST" skipped="0">
  <testcase classname="includeexclude_study.myClass2" name="sample1" time="0.009"/>
  <system-out>
    <![CDATA[sample1 is running]]>
  </system-out>
</testsuite> <!-- includeexclude_study.myClass2 -->
