<?xml version="1.0" encoding="UTF-8"?>
<!-- Generated by org.testng.reporters.JUnitReportReporter -->
<testsuite hostname="LAPTOP-34VRK83G" failures="0" tests="1" name="varificationUsingTestNG.assertTrueUse" time="0.015" errors="0" timestamp="2022-06-29T22:38:56 IST" skipped="0">
  <testcase classname="varificationUsingTestNG.assertTrueUse" name="mymethod" time="0.015"/>
  <system-out>
    <![CDATA[TC is passed value is true]]>
  </system-out>
</testsuite> <!-- varificationUsingTestNG.assertTrueUse -->
