<?xml version="1.0" encoding="UTF-8"?>
<!-- Generated by org.testng.reporters.JUnitReportReporter -->
<testsuite hostname="LAPTOP-34VRK83G" failures="0" tests="2" name="CrossBrowserTest.Firefox" time="22.850" errors="0" timestamp="2022-06-30T18:48:13 IST" skipped="0">
  <testcase classname="CrossBrowserTest.Firefox" name="mymethod" time="11.151"/>
  <system-out/>
  <testcase classname="CrossBrowserTest.Firefox" name="mymethod" time="11.699"/>
  <system-out/>
</testsuite> <!-- CrossBrowserTest.Firefox -->
