<?xml version="1.0" encoding="UTF-8"?>
<!-- Generated by org.testng.reporters.JUnitReportReporter -->
<testsuite hostname="LAPTOP-34VRK83G" failures="0" tests="1" name="varificationUsingTestNG.AssertEqualsUse" time="0.021" errors="0" timestamp="2022-06-29T21:12:07 IST" skipped="0">
  <testcase classname="varificationUsingTestNG.AssertEqualsUse" name="mymethod" time="0.021"/>
  <system-out>
    <![CDATA[a and b are maching test case is passed]]>
  </system-out>
</testsuite> <!-- varificationUsingTestNG.AssertEqualsUse -->
