<?xml version="1.0" encoding="UTF-8"?>
<!-- Generated by org.testng.reporters.JUnitReportReporter -->
<testsuite hostname="LAPTOP-34VRK83G" failures="0" tests="3" name="TestNG_keywords.TimeOut" time="0.011" errors="0" timestamp="2022-06-26T16:17:27 IST" skipped="0">
  <testcase classname="TestNG_keywords.TimeOut" name="p" time="0.001"/>
  <system-out>
    <![CDATA[r is running]]>
  </system-out>
  <testcase classname="TestNG_keywords.TimeOut" name="q" time="0.008"/>
  <system-out>
    <![CDATA[q is running]]>
  </system-out>
  <testcase classname="TestNG_keywords.TimeOut" name="r" time="0.002"/>
  <system-out>
    <![CDATA[p is running]]>
  </system-out>
</testsuite> <!-- TestNG_keywords.TimeOut -->
