<?xml version="1.0" encoding="UTF-8"?>
<!-- Generated by org.testng.reporters.JUnitReportReporter -->
<testsuite hostname="LAPTOP-34VRK83G" failures="0" tests="3" name="TestNG_keywords.priorityKeyword" time="0.006" errors="0" timestamp="2022-06-26T16:17:27 IST" skipped="0">
  <testcase classname="TestNG_keywords.priorityKeyword" name="z" time="0.002"/>
  <system-out>
    <![CDATA[z is running]]>
  </system-out>
  <testcase classname="TestNG_keywords.priorityKeyword" name="y" time="0.002"/>
  <system-out>
    <![CDATA[y is running]]>
  </system-out>
  <testcase classname="TestNG_keywords.priorityKeyword" name="x" time="0.002"/>
  <system-out>
    <![CDATA[x is running]]>
  </system-out>
</testsuite> <!-- TestNG_keywords.priorityKeyword -->
