<?xml version="1.0" encoding="UTF-8"?>
<!-- Generated by org.testng.reporters.JUnitReportReporter -->
<testsuite hostname="LAPTOP-34VRK83G" failures="0" tests="2" name="testNG_study.TestNGAnnotation" time="0.010" errors="0" timestamp="2022-06-24T08:52:34 IST" skipped="0">
  <testcase classname="testNG_study.TestNGAnnotation" name="validateDashboard" time="0.009"/>
  <system-out>
    <![CDATA[Dashboard Validated]]>
  </system-out>
  <testcase classname="testNG_study.TestNGAnnotation" name="validateUserID" time="0.001"/>
  <system-out>
    <![CDATA[user id validated]]>
  </system-out>
</testsuite> <!-- testNG_study.TestNGAnnotation -->
