<?xml version="1.0" encoding="UTF-8"?>
<!-- Generated by org.testng.reporters.JUnitReportReporter -->
<testsuite hostname="LAPTOP-34VRK83G" failures="0" tests="3" name="TestNG_keywords.Enable_keyword" time="0.002" errors="0" timestamp="2022-06-26T16:17:27 IST" skipped="1">
  <testcase classname="TestNG_keywords.Enable_keyword" name="mymethod3" time="0.001"/>
  <system-out>
    <![CDATA[method3 is running]]>
  </system-out>
  <testcase classname="TestNG_keywords.Enable_keyword" name="mymethod1" time="0.001"/>
  <system-out>
    <![CDATA[method1 is running]]>
  </system-out>
  <testcase classname="TestNG_keywords.Enable_keyword" name="mymethod2">
    <skipped/>
  </testcase> <!-- mymethod2 -->
  <system-out/>
</testsuite> <!-- TestNG_keywords.Enable_keyword -->
