<?xml version="1.0" encoding="UTF-8"?>
<!-- Generated by org.testng.reporters.JUnitReportReporter -->
<testsuite hostname="LAPTOP-34VRK83G" failures="0" tests="2" name="testNG_study.TESTNGSTUDY" time="0.012" errors="0" timestamp="2022-06-26T10:20:08 IST" skipped="0">
  <testcase classname="testNG_study.TESTNGSTUDY" name="sample1" time="0.001"/>
  <system-out>
    <![CDATA[i am method second from class second]]>
  </system-out>
  <testcase classname="testNG_study.TESTNGSTUDY" name="sample" time="0.011"/>
  <system-out>
    <![CDATA[i am method first from class second]]>
  </system-out>
</testsuite> <!-- testNG_study.TESTNGSTUDY -->
