<?xml version="1.0" encoding="UTF-8"?>
<!-- Generated by org.testng.reporters.JUnitReportReporter -->
<testsuite hostname="LAPTOP-34VRK83G" failures="0" tests="4" name="TestNG_keywords.DependsOnMethodUse" time="0.006" errors="0" timestamp="2022-06-26T16:17:27 IST" skipped="0">
  <testcase classname="TestNG_keywords.DependsOnMethodUse" name="d" time="0.002"/>
  <system-out>
    <![CDATA[d is running]]>
  </system-out>
  <testcase classname="TestNG_keywords.DependsOnMethodUse" name="c" time="0.002"/>
  <system-out>
    <![CDATA[c is running]]>
  </system-out>
  <testcase classname="TestNG_keywords.DependsOnMethodUse" name="b" time="0.001"/>
  <system-out>
    <![CDATA[b is running]]>
  </system-out>
  <testcase classname="TestNG_keywords.DependsOnMethodUse" name="a" time="0.001"/>
  <system-out>
    <![CDATA[a is running]]>
  </system-out>
</testsuite> <!-- TestNG_keywords.DependsOnMethodUse -->
