<?xml version="1.0" encoding="UTF-8"?>
<!-- Generated by org.testng.reporters.JUnitReportReporter -->
<testsuite hostname="LAPTOP-34VRK83G" failures="0" tests="1" name="SerialAndParallelExecution.MyTestClass2" time="4.174" errors="0" timestamp="2022-06-26T15:43:05 IST" skipped="0">
  <testcase classname="SerialAndParallelExecution.MyTestClass2" name="f" time="4.174"/>
  <system-out/>
</testsuite> <!-- SerialAndParallelExecution.MyTestClass2 -->
