<?xml version="1.0" encoding="UTF-8"?>
<!-- Generated by org.testng.reporters.JUnitReportReporter -->
<testsuite hostname="LAPTOP-34VRK83G" failures="0" tests="1" name="varificationUsingTestNG.assertFalseUse" time="0.014" errors="0" timestamp="2022-06-29T23:00:03 IST" skipped="0">
  <testcase classname="varificationUsingTestNG.assertFalseUse" name="mymethod" time="0.014"/>
  <system-out>
    <![CDATA[TC is passed value is false]]>
  </system-out>
</testsuite> <!-- varificationUsingTestNG.assertFalseUse -->
